2022-02-10 22:26:18,860 [   2069]   WARN - nSystem.impl.ActionManagerImpl - keymap "Visual Studio" not found [Plugin: com.intellij] 
2022-02-10 22:26:18,863 [   2072]   WARN - nSystem.impl.ActionManagerImpl - keymap "Eclipse" not found [Plugin: com.intellij] 
2022-02-10 22:26:18,863 [   2072]   WARN - nSystem.impl.ActionManagerImpl - keymap "NetBeans 6.5" not found [Plugin: com.intellij] 
2022-02-10 22:26:18,863 [   2072]   WARN - nSystem.impl.ActionManagerImpl - keymap "Visual Studio" not found [Plugin: com.intellij] 
2022-02-10 22:26:18,876 [   2085]   WARN - nSystem.impl.ActionManagerImpl - keymap "Visual Studio" not found [Plugin: HtmlTools] 
2022-02-10 22:26:18,910 [   2119]   WARN - nSystem.impl.ActionManagerImpl - keymap "Eclipse" not found [Plugin: org.jetbrains.plugins.github] 
2022-02-10 22:26:18,911 [   2120]   WARN - nSystem.impl.ActionManagerImpl - keymap "Eclipse" not found [Plugin: JavaScript] 
2022-02-10 22:26:18,911 [   2120]   WARN - nSystem.impl.ActionManagerImpl - keymap "Visual Studio" not found [Plugin: JavaScript] 
2022-02-10 22:26:18,936 [   2145]   WARN - nSystem.impl.ActionManagerImpl - keymap "Eclipse" not found [Plugin: Pythonid] 
2022-02-10 22:26:18,936 [   2145]   WARN - nSystem.impl.ActionManagerImpl - keymap "NetBeans 6.5" not found [Plugin: Pythonid] 
2022-02-10 22:26:18,937 [   2146]   WARN - nSystem.impl.ActionManagerImpl - keymap "Visual Studio" not found [Plugin: Pythonid] 
2022-02-10 22:26:18,938 [   2147]   WARN - nSystem.impl.ActionManagerImpl - keymap "Eclipse" not found [Plugin: Pythonid] 
2022-02-10 22:26:19,328 [   2537]   WARN - l.NotificationGroupManagerImpl - Notification group CodeWithMe is already registered (group=com.intellij.notification.NotificationGroup@15b2c206). Plugin descriptor: PluginDescriptor(name=Code With Me, id=com.jetbrains.codeWithMe, descriptorPath=plugin.xml, path=~/devel_bin/pycharm-2021.2/plugins/cwm-plugin, version=212.4746.96, package=null) 
2022-02-10 22:26:22,804 [   6013]   WARN - a.repo.GitUntrackedFilesHolder - Ignoring ignored file under another root: /home/soobin/development/SFA3D/sfa/config/__pycache__; root: /home/soobin/development/SFA3D; mapped root: null 
2022-02-10 22:26:22,804 [   6013]   WARN - a.repo.GitUntrackedFilesHolder - Ignoring ignored file under another root: /home/soobin/development/SFA3D/sfa/data_process/__pycache__; root: /home/soobin/development/SFA3D; mapped root: null 
2022-02-10 22:26:22,804 [   6013]   WARN - a.repo.GitUntrackedFilesHolder - Ignoring ignored file under another root: /home/soobin/development/SFA3D/sfa/models/__pycache__; root: /home/soobin/development/SFA3D; mapped root: null 
2022-02-10 22:26:22,804 [   6013]   WARN - a.repo.GitUntrackedFilesHolder - Ignoring ignored file under another root: /home/soobin/development/SFA3D/sfa/utils/__pycache__; root: /home/soobin/development/SFA3D; mapped root: null 
2022-02-10 22:26:28,926 [  12135]  ERROR - plication.impl.ApplicationImpl - Already disposed: Project(name=SFA3D, containerState=DISPOSE_COMPLETED, componentStore=/home/soobin/development/SFA3D) (disposed) 
com.intellij.serviceContainer.AlreadyDisposedException: Already disposed: Project(name=SFA3D, containerState=DISPOSE_COMPLETED, componentStore=/home/soobin/development/SFA3D) (disposed)
	at com.intellij.serviceContainer.ComponentManagerImpl.getMessageBus(ComponentManagerImpl.kt:194)
	at com.intellij.spellchecker.grazie.async.GrazieAsyncSpeller$1.invoke(GrazieAsyncSpeller.kt:21)
	at com.intellij.spellchecker.grazie.async.GrazieAsyncSpeller$1.invoke(GrazieAsyncSpeller.kt:14)
	at com.intellij.spellchecker.grazie.async.AsyncUtils$run$toRun$1$1.run(AsyncUtils.kt:35)
	at com.intellij.openapi.application.impl.ApplicationImpl$1.run(ApplicationImpl.java:265)
	at java.base/java.util.concurrent.Executors$RunnableAdapter.call(Executors.java:515)
	at java.base/java.util.concurrent.FutureTask.run(FutureTask.java:264)
	at java.base/java.util.concurrent.ThreadPoolExecutor.runWorker(ThreadPoolExecutor.java:1128)
	at java.base/java.util.concurrent.ThreadPoolExecutor$Worker.run(ThreadPoolExecutor.java:628)
	at java.base/java.util.concurrent.Executors$PrivilegedThreadFactory$1$1.run(Executors.java:668)
	at java.base/java.util.concurrent.Executors$PrivilegedThreadFactory$1$1.run(Executors.java:665)
	at java.base/java.security.AccessController.doPrivileged(Native Method)
	at java.base/java.util.concurrent.Executors$PrivilegedThreadFactory$1.run(Executors.java:665)
	at java.base/java.lang.Thread.run(Thread.java:829)
2022-02-10 22:26:28,928 [  12137]  ERROR - plication.impl.ApplicationImpl - PyCharm 2021.2  Build #PY-212.4746.96 
2022-02-10 22:26:28,928 [  12137]  ERROR - plication.impl.ApplicationImpl - JDK: 11.0.11; VM: OpenJDK 64-Bit Server VM; Vendor: JetBrains s.r.o. 
2022-02-10 22:26:28,928 [  12137]  ERROR - plication.impl.ApplicationImpl - OS: Linux 
2022-02-10 22:29:34,969 [ 198178]   WARN - a.repo.GitUntrackedFilesHolder - Ignoring ignored file under another root: /home/soobin/development/SFA3D/sfa/config/__pycache__; root: /home/soobin/development/SFA3D; mapped root: null 
2022-02-10 22:29:34,969 [ 198178]   WARN - a.repo.GitUntrackedFilesHolder - Ignoring ignored file under another root: /home/soobin/development/SFA3D/sfa/data_process/__pycache__; root: /home/soobin/development/SFA3D; mapped root: null 
2022-02-10 22:29:34,969 [ 198178]   WARN - a.repo.GitUntrackedFilesHolder - Ignoring ignored file under another root: /home/soobin/development/SFA3D/sfa/models/__pycache__; root: /home/soobin/development/SFA3D; mapped root: null 
2022-02-10 22:29:34,969 [ 198178]   WARN - a.repo.GitUntrackedFilesHolder - Ignoring ignored file under another root: /home/soobin/development/SFA3D/sfa/utils/__pycache__; root: /home/soobin/development/SFA3D; mapped root: null 
2022-02-10 22:29:47,917 [ 211126]   WARN - .skeletons.PySkeletonRefresher - Some skeletons failed to generate 
2022-02-10 22:29:47,917 [ 211126]   WARN - .skeletons.PySkeletonRefresher - Cryptodome.Cipher._ARC4 
2022-02-10 22:29:47,917 [ 211126]   WARN - .skeletons.PySkeletonRefresher - Cryptodome.Cipher._Salsa20 
2022-02-10 22:29:47,917 [ 211126]   WARN - .skeletons.PySkeletonRefresher - Cryptodome.Cipher._chacha20 
2022-02-10 22:29:47,917 [ 211126]   WARN - .skeletons.PySkeletonRefresher - Cryptodome.Cipher._raw_aes 
2022-02-10 22:29:47,917 [ 211126]   WARN - .skeletons.PySkeletonRefresher - Cryptodome.Cipher._raw_aesni 
2022-02-10 22:29:47,917 [ 211126]   WARN - .skeletons.PySkeletonRefresher - Cryptodome.Cipher._raw_arc2 
2022-02-10 22:29:47,917 [ 211126]   WARN - .skeletons.PySkeletonRefresher - Cryptodome.Cipher._raw_blowfish 
2022-02-10 22:29:47,917 [ 211126]   WARN - .skeletons.PySkeletonRefresher - Cryptodome.Cipher._raw_cast 
2022-02-10 22:29:47,917 [ 211126]   WARN - .skeletons.PySkeletonRefresher - Cryptodome.Cipher._raw_cbc 
2022-02-10 22:29:47,917 [ 211126]   WARN - .skeletons.PySkeletonRefresher - Cryptodome.Cipher._raw_cfb 
2022-02-10 22:29:47,917 [ 211126]   WARN - .skeletons.PySkeletonRefresher - Cryptodome.Cipher._raw_ctr 
2022-02-10 22:29:47,917 [ 211126]   WARN - .skeletons.PySkeletonRefresher - Cryptodome.Cipher._raw_des 
2022-02-10 22:29:47,917 [ 211126]   WARN - .skeletons.PySkeletonRefresher - Cryptodome.Cipher._raw_des3 
2022-02-10 22:29:47,917 [ 211126]   WARN - .skeletons.PySkeletonRefresher - Cryptodome.Cipher._raw_ecb 
2022-02-10 22:29:47,917 [ 211126]   WARN - .skeletons.PySkeletonRefresher - Cryptodome.Cipher._raw_ocb 
2022-02-10 22:29:47,917 [ 211126]   WARN - .skeletons.PySkeletonRefresher - Cryptodome.Cipher._raw_ofb 
2022-02-10 22:29:47,917 [ 211126]   WARN - .skeletons.PySkeletonRefresher - Cryptodome.Hash._BLAKE2b 
2022-02-10 22:29:47,917 [ 211126]   WARN - .skeletons.PySkeletonRefresher - Cryptodome.Hash._BLAKE2s 
2022-02-10 22:29:47,917 [ 211126]   WARN - .skeletons.PySkeletonRefresher - Cryptodome.Hash._MD2 
2022-02-10 22:29:47,917 [ 211126]   WARN - .skeletons.PySkeletonRefresher - Cryptodome.Hash._MD4 
2022-02-10 22:29:47,917 [ 211126]   WARN - .skeletons.PySkeletonRefresher - Cryptodome.Hash._MD5 
2022-02-10 22:29:47,917 [ 211126]   WARN - .skeletons.PySkeletonRefresher - Cryptodome.Hash._RIPEMD160 
2022-02-10 22:29:47,918 [ 211127]   WARN - .skeletons.PySkeletonRefresher - Cryptodome.Hash._SHA1 
2022-02-10 22:29:47,918 [ 211127]   WARN - .skeletons.PySkeletonRefresher - Cryptodome.Hash._SHA224 
2022-02-10 22:29:47,918 [ 211127]   WARN - .skeletons.PySkeletonRefresher - Cryptodome.Hash._SHA256 
2022-02-10 22:29:47,918 [ 211127]   WARN - .skeletons.PySkeletonRefresher - Cryptodome.Hash._SHA384 
2022-02-10 22:29:47,918 [ 211127]   WARN - .skeletons.PySkeletonRefresher - Cryptodome.Hash._SHA512 
2022-02-10 22:29:47,918 [ 211127]   WARN - .skeletons.PySkeletonRefresher - Cryptodome.Hash._keccak 
2022-02-10 22:29:47,918 [ 211127]   WARN - .skeletons.PySkeletonRefresher - Cryptodome.Math._montgomery 
2022-02-10 22:29:47,918 [ 211127]   WARN - .skeletons.PySkeletonRefresher - Cryptodome.Protocol._scrypt 
2022-02-10 22:29:47,918 [ 211127]   WARN - .skeletons.PySkeletonRefresher - Cryptodome.Util._cpuid 
2022-02-10 22:29:47,918 [ 211127]   WARN - .skeletons.PySkeletonRefresher - Cryptodome.Util._galois 
2022-02-10 22:29:47,918 [ 211127]   WARN - .skeletons.PySkeletonRefresher - Cryptodome.Util._strxor 
2022-02-10 22:29:47,918 [ 211127]   WARN - .skeletons.PySkeletonRefresher - black.__init__ 
2022-02-10 22:29:47,918 [ 211127]   WARN - .skeletons.PySkeletonRefresher - black.brackets 
2022-02-10 22:29:47,918 [ 211127]   WARN - .skeletons.PySkeletonRefresher - black.cache 
2022-02-10 22:29:47,918 [ 211127]   WARN - .skeletons.PySkeletonRefresher - black.comments 
2022-02-10 22:29:47,918 [ 211127]   WARN - .skeletons.PySkeletonRefresher - black.const 
2022-02-10 22:29:47,918 [ 211127]   WARN - .skeletons.PySkeletonRefresher - black.handle_ipynb_magics 
2022-02-10 22:29:47,918 [ 211127]   WARN - .skeletons.PySkeletonRefresher - black.linegen 
2022-02-10 22:29:47,918 [ 211127]   WARN - .skeletons.PySkeletonRefresher - black.lines 
2022-02-10 22:29:47,918 [ 211127]   WARN - .skeletons.PySkeletonRefresher - black.mode 
2022-02-10 22:29:47,918 [ 211127]   WARN - .skeletons.PySkeletonRefresher - black.nodes 
2022-02-10 22:29:47,918 [ 211127]   WARN - .skeletons.PySkeletonRefresher - black.numerics 
2022-02-10 22:29:47,918 [ 211127]   WARN - .skeletons.PySkeletonRefresher - black.parsing 
2022-02-10 22:29:47,918 [ 211127]   WARN - .skeletons.PySkeletonRefresher - black.rusty 
2022-02-10 22:29:47,918 [ 211127]   WARN - .skeletons.PySkeletonRefresher - black.strings 
2022-02-10 22:29:47,918 [ 211127]   WARN - .skeletons.PySkeletonRefresher - black.trans 
2022-02-10 22:29:47,918 [ 211127]   WARN - .skeletons.PySkeletonRefresher - blib2to3.pgen2.conv 
2022-02-10 22:29:47,918 [ 211127]   WARN - .skeletons.PySkeletonRefresher - caffe2.python.caffe2_pybind11_state 
2022-02-10 22:29:47,918 [ 211127]   WARN - .skeletons.PySkeletonRefresher - caffe2.python.caffe2_pybind11_state_gpu 
2022-02-10 22:29:47,918 [ 211127]   WARN - .skeletons.PySkeletonRefresher - debugpy._vendored.pydevd._pydevd_bundle.pydevd_cython 
2022-02-10 22:29:47,918 [ 211127]   WARN - .skeletons.PySkeletonRefresher - debugpy._vendored.pydevd._pydevd_frame_eval.pydevd_frame_evaluator 
2022-02-10 22:29:47,918 [ 211127]   WARN - .skeletons.PySkeletonRefresher - debugpy._vendored.pydevd.pydevd_attach_to_process.attach_linux_amd64 
2022-02-10 22:29:47,918 [ 211127]   WARN - .skeletons.PySkeletonRefresher - open3d.cpu.open3d_tf_ops 
2022-02-10 22:29:47,918 [ 211127]   WARN - .skeletons.PySkeletonRefresher - open3d.cpu.open3d_torch_ops 
2022-02-10 22:29:47,918 [ 211127]   WARN - .skeletons.PySkeletonRefresher - open3d.cuda.open3d_tf_ops 
2022-02-10 22:29:47,918 [ 211127]   WARN - .skeletons.PySkeletonRefresher - open3d.cuda.open3d_torch_ops 
2022-02-10 22:29:47,918 [ 211127]   WARN - .skeletons.PySkeletonRefresher - open3d.cuda.pybind 
2022-02-10 22:29:47,918 [ 211127]   WARN - .skeletons.PySkeletonRefresher - qt_gui_cpp.libqt_gui_cpp_shiboken 
2022-02-10 22:29:47,918 [ 211127]   WARN - .skeletons.PySkeletonRefresher - qt_gui_cpp.libqt_gui_cpp_sip 
2022-02-10 22:29:47,918 [ 211127]   WARN - .skeletons.PySkeletonRefresher - rviz.librviz_sip 
2022-02-10 22:29:47,918 [ 211127]   WARN - .skeletons.PySkeletonRefresher - scipy.optimize._lsap_ 
2022-02-10 22:29:47,918 [ 211127]   WARN - .skeletons.PySkeletonRefresher - torch.lib.libc10 
2022-02-10 22:29:47,918 [ 211127]   WARN - .skeletons.PySkeletonRefresher - torch.lib.libc10_cuda 
2022-02-10 22:29:47,918 [ 211127]   WARN - .skeletons.PySkeletonRefresher - torch.lib.libcaffe2_detectron_ops_gpu 
2022-02-10 22:29:47,918 [ 211127]   WARN - .skeletons.PySkeletonRefresher - torch.lib.libcaffe2_module_test_dynamic 
2022-02-10 22:29:47,918 [ 211127]   WARN - .skeletons.PySkeletonRefresher - torch.lib.libcaffe2_nvrtc 
2022-02-10 22:29:47,918 [ 211127]   WARN - .skeletons.PySkeletonRefresher - torch.lib.libcaffe2_observers 
2022-02-10 22:29:47,918 [ 211127]   WARN - .skeletons.PySkeletonRefresher - torch.lib.libshm 
2022-02-10 22:29:47,918 [ 211127]   WARN - .skeletons.PySkeletonRefresher - torch.lib.libtorch 
2022-02-10 22:29:47,918 [ 211127]   WARN - .skeletons.PySkeletonRefresher - torch.lib.libtorch_cpu 
2022-02-10 22:29:47,918 [ 211127]   WARN - .skeletons.PySkeletonRefresher - torch.lib.libtorch_cuda 
2022-02-10 22:29:47,918 [ 211127]   WARN - .skeletons.PySkeletonRefresher - torch.lib.libtorch_global_deps 
2022-02-10 22:29:47,918 [ 211127]   WARN - .skeletons.PySkeletonRefresher - torch.lib.libtorch_python 
2022-02-10 22:29:47,918 [ 211127]   WARN - .skeletons.PySkeletonRefresher - torchvision._C 
2022-02-10 22:44:09,314 [1072523]   WARN - pl.local.NativeFileWatcherImpl - table error: collision at 22379 (new /home/soobin/.local/lib/python3.8/site-packages/~umpy-1.18.3.dist-info, existing /home/soobin/.local/lib/python3.8/site-packages/numpy-1.18.3.dist-info) 
2022-02-10 22:44:09,331 [1072540]   WARN - pl.local.NativeFileWatcherImpl - Watcher terminated with exit code 3 
2022-02-10 22:45:41,525 [1164734]   WARN - .skeletons.PySkeletonRefresher - Some skeletons failed to generate 
2022-02-10 22:45:41,525 [1164734]   WARN - .skeletons.PySkeletonRefresher - Cryptodome.Cipher._ARC4 
2022-02-10 22:45:41,525 [1164734]   WARN - .skeletons.PySkeletonRefresher - Cryptodome.Cipher._Salsa20 
2022-02-10 22:45:41,525 [1164734]   WARN - .skeletons.PySkeletonRefresher - Cryptodome.Cipher._chacha20 
2022-02-10 22:45:41,525 [1164734]   WARN - .skeletons.PySkeletonRefresher - Cryptodome.Cipher._raw_aes 
2022-02-10 22:45:41,525 [1164734]   WARN - .skeletons.PySkeletonRefresher - Cryptodome.Cipher._raw_aesni 
2022-02-10 22:45:41,525 [1164734]   WARN - .skeletons.PySkeletonRefresher - Cryptodome.Cipher._raw_arc2 
2022-02-10 22:45:41,525 [1164734]   WARN - .skeletons.PySkeletonRefresher - Cryptodome.Cipher._raw_blowfish 
2022-02-10 22:45:41,525 [1164734]   WARN - .skeletons.PySkeletonRefresher - Cryptodome.Cipher._raw_cast 
2022-02-10 22:45:41,525 [1164734]   WARN - .skeletons.PySkeletonRefresher - Cryptodome.Cipher._raw_cbc 
2022-02-10 22:45:41,525 [1164734]   WARN - .skeletons.PySkeletonRefresher - Cryptodome.Cipher._raw_cfb 
2022-02-10 22:45:41,525 [1164734]   WARN - .skeletons.PySkeletonRefresher - Cryptodome.Cipher._raw_ctr 
2022-02-10 22:45:41,525 [1164734]   WARN - .skeletons.PySkeletonRefresher - Cryptodome.Cipher._raw_des 
2022-02-10 22:45:41,525 [1164734]   WARN - .skeletons.PySkeletonRefresher - Cryptodome.Cipher._raw_des3 
2022-02-10 22:45:41,525 [1164734]   WARN - .skeletons.PySkeletonRefresher - Cryptodome.Cipher._raw_ecb 
2022-02-10 22:45:41,525 [1164734]   WARN - .skeletons.PySkeletonRefresher - Cryptodome.Cipher._raw_ocb 
2022-02-10 22:45:41,525 [1164734]   WARN - .skeletons.PySkeletonRefresher - Cryptodome.Cipher._raw_ofb 
2022-02-10 22:45:41,525 [1164734]   WARN - .skeletons.PySkeletonRefresher - Cryptodome.Hash._BLAKE2b 
2022-02-10 22:45:41,525 [1164734]   WARN - .skeletons.PySkeletonRefresher - Cryptodome.Hash._BLAKE2s 
2022-02-10 22:45:41,525 [1164734]   WARN - .skeletons.PySkeletonRefresher - Cryptodome.Hash._MD2 
2022-02-10 22:45:41,525 [1164734]   WARN - .skeletons.PySkeletonRefresher - Cryptodome.Hash._MD4 
2022-02-10 22:45:41,525 [1164734]   WARN - .skeletons.PySkeletonRefresher - Cryptodome.Hash._MD5 
2022-02-10 22:45:41,525 [1164734]   WARN - .skeletons.PySkeletonRefresher - Cryptodome.Hash._RIPEMD160 
2022-02-10 22:45:41,525 [1164734]   WARN - .skeletons.PySkeletonRefresher - Cryptodome.Hash._SHA1 
2022-02-10 22:45:41,525 [1164734]   WARN - .skeletons.PySkeletonRefresher - Cryptodome.Hash._SHA224 
2022-02-10 22:45:41,525 [1164734]   WARN - .skeletons.PySkeletonRefresher - Cryptodome.Hash._SHA256 
2022-02-10 22:45:41,525 [1164734]   WARN - .skeletons.PySkeletonRefresher - Cryptodome.Hash._SHA384 
2022-02-10 22:45:41,525 [1164734]   WARN - .skeletons.PySkeletonRefresher - Cryptodome.Hash._SHA512 
2022-02-10 22:45:41,525 [1164734]   WARN - .skeletons.PySkeletonRefresher - Cryptodome.Hash._keccak 
2022-02-10 22:45:41,525 [1164734]   WARN - .skeletons.PySkeletonRefresher - Cryptodome.Math._montgomery 
2022-02-10 22:45:41,525 [1164734]   WARN - .skeletons.PySkeletonRefresher - Cryptodome.Protocol._scrypt 
2022-02-10 22:45:41,525 [1164734]   WARN - .skeletons.PySkeletonRefresher - Cryptodome.Util._cpuid 
2022-02-10 22:45:41,525 [1164734]   WARN - .skeletons.PySkeletonRefresher - Cryptodome.Util._galois 
2022-02-10 22:45:41,525 [1164734]   WARN - .skeletons.PySkeletonRefresher - Cryptodome.Util._strxor 
2022-02-10 22:45:41,525 [1164734]   WARN - .skeletons.PySkeletonRefresher - black.__init__ 
2022-02-10 22:45:41,525 [1164734]   WARN - .skeletons.PySkeletonRefresher - black.brackets 
2022-02-10 22:45:41,525 [1164734]   WARN - .skeletons.PySkeletonRefresher - black.cache 
2022-02-10 22:45:41,525 [1164734]   WARN - .skeletons.PySkeletonRefresher - black.comments 
2022-02-10 22:45:41,525 [1164734]   WARN - .skeletons.PySkeletonRefresher - black.const 
2022-02-10 22:45:41,525 [1164734]   WARN - .skeletons.PySkeletonRefresher - black.handle_ipynb_magics 
2022-02-10 22:45:41,525 [1164734]   WARN - .skeletons.PySkeletonRefresher - black.linegen 
2022-02-10 22:45:41,525 [1164734]   WARN - .skeletons.PySkeletonRefresher - black.lines 
2022-02-10 22:45:41,525 [1164734]   WARN - .skeletons.PySkeletonRefresher - black.mode 
2022-02-10 22:45:41,525 [1164734]   WARN - .skeletons.PySkeletonRefresher - black.nodes 
2022-02-10 22:45:41,525 [1164734]   WARN - .skeletons.PySkeletonRefresher - black.numerics 
2022-02-10 22:45:41,525 [1164734]   WARN - .skeletons.PySkeletonRefresher - black.parsing 
2022-02-10 22:45:41,525 [1164734]   WARN - .skeletons.PySkeletonRefresher - black.rusty 
2022-02-10 22:45:41,525 [1164734]   WARN - .skeletons.PySkeletonRefresher - black.strings 
2022-02-10 22:45:41,525 [1164734]   WARN - .skeletons.PySkeletonRefresher - black.trans 
2022-02-10 22:45:41,525 [1164734]   WARN - .skeletons.PySkeletonRefresher - blib2to3.pgen2.conv 
2022-02-10 22:45:41,525 [1164734]   WARN - .skeletons.PySkeletonRefresher - caffe2.python.caffe2_pybind11_state 
2022-02-10 22:45:41,525 [1164734]   WARN - .skeletons.PySkeletonRefresher - caffe2.python.caffe2_pybind11_state_gpu 
2022-02-10 22:45:41,525 [1164734]   WARN - .skeletons.PySkeletonRefresher - debugpy._vendored.pydevd._pydevd_bundle.pydevd_cython 
2022-02-10 22:45:41,525 [1164734]   WARN - .skeletons.PySkeletonRefresher - debugpy._vendored.pydevd._pydevd_frame_eval.pydevd_frame_evaluator 
2022-02-10 22:45:41,525 [1164734]   WARN - .skeletons.PySkeletonRefresher - debugpy._vendored.pydevd.pydevd_attach_to_process.attach_linux_amd64 
2022-02-10 22:45:41,525 [1164734]   WARN - .skeletons.PySkeletonRefresher - open3d.cpu.open3d_tf_ops 
2022-02-10 22:45:41,525 [1164734]   WARN - .skeletons.PySkeletonRefresher - open3d.cpu.open3d_torch_ops 
2022-02-10 22:45:41,525 [1164734]   WARN - .skeletons.PySkeletonRefresher - open3d.cuda.open3d_tf_ops 
2022-02-10 22:45:41,525 [1164734]   WARN - .skeletons.PySkeletonRefresher - open3d.cuda.open3d_torch_ops 
2022-02-10 22:45:41,525 [1164734]   WARN - .skeletons.PySkeletonRefresher - open3d.cuda.pybind 
2022-02-10 22:45:41,525 [1164734]   WARN - .skeletons.PySkeletonRefresher - qt_gui_cpp.libqt_gui_cpp_shiboken 
2022-02-10 22:45:41,525 [1164734]   WARN - .skeletons.PySkeletonRefresher - qt_gui_cpp.libqt_gui_cpp_sip 
2022-02-10 22:45:41,525 [1164734]   WARN - .skeletons.PySkeletonRefresher - rviz.librviz_sip 
2022-02-10 22:45:41,525 [1164734]   WARN - .skeletons.PySkeletonRefresher - scipy.optimize._lsap_ 
2022-02-10 22:45:41,525 [1164734]   WARN - .skeletons.PySkeletonRefresher - torch.lib.libc10 
2022-02-10 22:45:41,525 [1164734]   WARN - .skeletons.PySkeletonRefresher - torch.lib.libc10_cuda 
2022-02-10 22:45:41,525 [1164734]   WARN - .skeletons.PySkeletonRefresher - torch.lib.libcaffe2_detectron_ops_gpu 
2022-02-10 22:45:41,525 [1164734]   WARN - .skeletons.PySkeletonRefresher - torch.lib.libcaffe2_module_test_dynamic 
2022-02-10 22:45:41,525 [1164734]   WARN - .skeletons.PySkeletonRefresher - torch.lib.libcaffe2_nvrtc 
2022-02-10 22:45:41,525 [1164734]   WARN - .skeletons.PySkeletonRefresher - torch.lib.libcaffe2_observers 
2022-02-10 22:45:41,525 [1164734]   WARN - .skeletons.PySkeletonRefresher - torch.lib.libshm 
2022-02-10 22:45:41,525 [1164734]   WARN - .skeletons.PySkeletonRefresher - torch.lib.libtorch 
2022-02-10 22:45:41,526 [1164735]   WARN - .skeletons.PySkeletonRefresher - torch.lib.libtorch_cpu 
2022-02-10 22:45:41,526 [1164735]   WARN - .skeletons.PySkeletonRefresher - torch.lib.libtorch_cuda 
2022-02-10 22:45:41,526 [1164735]   WARN - .skeletons.PySkeletonRefresher - torch.lib.libtorch_global_deps 
2022-02-10 22:45:41,526 [1164735]   WARN - .skeletons.PySkeletonRefresher - torch.lib.libtorch_python 
2022-02-10 22:45:41,526 [1164735]   WARN - .skeletons.PySkeletonRefresher - torchvision._C 
2022-02-10 22:50:18,640 [1441849]   WARN - a.repo.GitUntrackedFilesHolder - Ignoring ignored file under another root: /home/soobin/development/SADAT/SADAT/gui/__pycache__; root: /home/soobin/development/SADAT; mapped root: null 
2022-02-10 22:50:18,641 [1441850]   WARN - a.repo.GitUntrackedFilesHolder - Ignoring ignored file under another root: /home/soobin/development/SADAT/SADAT/sensor/psensor/__pycache__; root: /home/soobin/development/SADAT; mapped root: null 
2022-02-10 22:50:18,641 [1441850]   WARN - a.repo.GitUntrackedFilesHolder - Ignoring ignored file under another root: /home/soobin/development/SADAT/SADAT/msgs/__pycache__; root: /home/soobin/development/SADAT; mapped root: null 
2022-02-10 22:50:18,641 [1441850]   WARN - a.repo.GitUntrackedFilesHolder - Ignoring ignored file under another root: /home/soobin/development/SADAT/SADAT/views/__pycache__; root: /home/soobin/development/SADAT; mapped root: null 
2022-02-10 22:50:18,641 [1441850]   WARN - a.repo.GitUntrackedFilesHolder - Ignoring ignored file under another root: /home/soobin/development/SADAT/SADAT/dadatype/__pycache__; root: /home/soobin/development/SADAT; mapped root: null 
2022-02-10 22:50:18,641 [1441850]   WARN - a.repo.GitUntrackedFilesHolder - Ignoring ignored file under another root: /home/soobin/development/SADAT/SADAT/sensor/__pycache__; root: /home/soobin/development/SADAT; mapped root: null 
2022-02-10 22:50:18,641 [1441850]   WARN - a.repo.GitUntrackedFilesHolder - Ignoring ignored file under another root: /home/soobin/development/SADAT/SADAT/example/examples/basics/visuals/__pycache__; root: /home/soobin/development/SADAT; mapped root: null 
2022-02-10 22:50:18,641 [1441850]   WARN - a.repo.GitUntrackedFilesHolder - Ignoring ignored file under another root: /home/soobin/development/SADAT/SADAT/externalmodules/__pycache__; root: /home/soobin/development/SADAT; mapped root: null 
2022-02-10 22:50:18,641 [1441850]   WARN - a.repo.GitUntrackedFilesHolder - Ignoring ignored file under another root: /home/soobin/development/SADAT/SADAT/__pycache__; root: /home/soobin/development/SADAT; mapped root: null 
2022-02-10 22:50:18,641 [1441850]   WARN - a.repo.GitUntrackedFilesHolder - Ignoring ignored files under another root: 16 files total 
2022-02-10 22:50:23,793 [1447002]   WARN - .skeletons.PySkeletonRefresher - Some skeletons failed to generate 
2022-02-10 22:50:23,793 [1447002]   WARN - .skeletons.PySkeletonRefresher - Crypto.Cipher._ARC4 
2022-02-10 22:50:23,793 [1447002]   WARN - .skeletons.PySkeletonRefresher - Crypto.Cipher._Salsa20 
2022-02-10 22:50:23,793 [1447002]   WARN - .skeletons.PySkeletonRefresher - Crypto.Cipher._chacha20 
2022-02-10 22:50:23,793 [1447002]   WARN - .skeletons.PySkeletonRefresher - Crypto.Cipher._raw_aes 
2022-02-10 22:50:23,793 [1447002]   WARN - .skeletons.PySkeletonRefresher - Crypto.Cipher._raw_aesni 
2022-02-10 22:50:23,793 [1447002]   WARN - .skeletons.PySkeletonRefresher - Crypto.Cipher._raw_arc2 
2022-02-10 22:50:23,793 [1447002]   WARN - .skeletons.PySkeletonRefresher - Crypto.Cipher._raw_blowfish 
2022-02-10 22:50:23,793 [1447002]   WARN - .skeletons.PySkeletonRefresher - Crypto.Cipher._raw_cast 
2022-02-10 22:50:23,793 [1447002]   WARN - .skeletons.PySkeletonRefresher - Crypto.Cipher._raw_cbc 
2022-02-10 22:50:23,793 [1447002]   WARN - .skeletons.PySkeletonRefresher - Crypto.Cipher._raw_cfb 
2022-02-10 22:50:23,793 [1447002]   WARN - .skeletons.PySkeletonRefresher - Crypto.Cipher._raw_ctr 
2022-02-10 22:50:23,793 [1447002]   WARN - .skeletons.PySkeletonRefresher - Crypto.Cipher._raw_des 
2022-02-10 22:50:23,793 [1447002]   WARN - .skeletons.PySkeletonRefresher - Crypto.Cipher._raw_des3 
2022-02-10 22:50:23,793 [1447002]   WARN - .skeletons.PySkeletonRefresher - Crypto.Cipher._raw_ecb 
2022-02-10 22:50:23,793 [1447002]   WARN - .skeletons.PySkeletonRefresher - Crypto.Cipher._raw_eksblowfish 
2022-02-10 22:50:23,793 [1447002]   WARN - .skeletons.PySkeletonRefresher - Crypto.Cipher._raw_ocb 
2022-02-10 22:50:23,793 [1447002]   WARN - .skeletons.PySkeletonRefresher - Crypto.Cipher._raw_ofb 
2022-02-10 22:50:23,793 [1447002]   WARN - .skeletons.PySkeletonRefresher - Crypto.Hash._BLAKE2b 
2022-02-10 22:50:23,793 [1447002]   WARN - .skeletons.PySkeletonRefresher - Crypto.Hash._BLAKE2s 
2022-02-10 22:50:23,793 [1447002]   WARN - .skeletons.PySkeletonRefresher - Crypto.Hash._MD2 
2022-02-10 22:50:23,793 [1447002]   WARN - .skeletons.PySkeletonRefresher - Crypto.Hash._MD4 
2022-02-10 22:50:23,793 [1447002]   WARN - .skeletons.PySkeletonRefresher - Crypto.Hash._MD5 
2022-02-10 22:50:23,793 [1447002]   WARN - .skeletons.PySkeletonRefresher - Crypto.Hash._RIPEMD160 
2022-02-10 22:50:23,793 [1447002]   WARN - .skeletons.PySkeletonRefresher - Crypto.Hash._SHA1 
2022-02-10 22:50:23,793 [1447002]   WARN - .skeletons.PySkeletonRefresher - Crypto.Hash._SHA224 
2022-02-10 22:50:23,793 [1447002]   WARN - .skeletons.PySkeletonRefresher - Crypto.Hash._SHA256 
2022-02-10 22:50:23,793 [1447002]   WARN - .skeletons.PySkeletonRefresher - Crypto.Hash._SHA384 
2022-02-10 22:50:23,793 [1447002]   WARN - .skeletons.PySkeletonRefresher - Crypto.Hash._SHA512 
2022-02-10 22:50:23,793 [1447002]   WARN - .skeletons.PySkeletonRefresher - Crypto.Hash._ghash_clmul 
2022-02-10 22:50:23,793 [1447002]   WARN - .skeletons.PySkeletonRefresher - Crypto.Hash._ghash_portable 
2022-02-10 22:50:23,793 [1447002]   WARN - .skeletons.PySkeletonRefresher - Crypto.Hash._keccak 
2022-02-10 22:50:23,793 [1447002]   WARN - .skeletons.PySkeletonRefresher - Crypto.Hash._poly1305 
2022-02-10 22:50:23,793 [1447002]   WARN - .skeletons.PySkeletonRefresher - Crypto.Math._modexp 
2022-02-10 22:50:23,793 [1447002]   WARN - .skeletons.PySkeletonRefresher - Crypto.Protocol._scrypt 
2022-02-10 22:50:23,793 [1447002]   WARN - .skeletons.PySkeletonRefresher - Crypto.PublicKey._ec_ws 
2022-02-10 22:50:23,793 [1447002]   WARN - .skeletons.PySkeletonRefresher - Crypto.Util._cpuid_c 
2022-02-10 22:50:23,793 [1447002]   WARN - .skeletons.PySkeletonRefresher - Crypto.Util._strxor 
2022-02-10 22:50:23,793 [1447002]   WARN - .skeletons.PySkeletonRefresher - Cryptodome.Cipher._ARC4 
2022-02-10 22:50:23,793 [1447002]   WARN - .skeletons.PySkeletonRefresher - Cryptodome.Cipher._Salsa20 
2022-02-10 22:50:23,793 [1447002]   WARN - .skeletons.PySkeletonRefresher - Cryptodome.Cipher._chacha20 
2022-02-10 22:50:23,793 [1447002]   WARN - .skeletons.PySkeletonRefresher - Cryptodome.Cipher._raw_aes 
2022-02-10 22:50:23,793 [1447002]   WARN - .skeletons.PySkeletonRefresher - Cryptodome.Cipher._raw_aesni 
2022-02-10 22:50:23,793 [1447002]   WARN - .skeletons.PySkeletonRefresher - Cryptodome.Cipher._raw_arc2 
2022-02-10 22:50:23,793 [1447002]   WARN - .skeletons.PySkeletonRefresher - Cryptodome.Cipher._raw_blowfish 
2022-02-10 22:50:23,793 [1447002]   WARN - .skeletons.PySkeletonRefresher - Cryptodome.Cipher._raw_cast 
2022-02-10 22:50:23,793 [1447002]   WARN - .skeletons.PySkeletonRefresher - Cryptodome.Cipher._raw_cbc 
2022-02-10 22:50:23,793 [1447002]   WARN - .skeletons.PySkeletonRefresher - Cryptodome.Cipher._raw_cfb 
2022-02-10 22:50:23,793 [1447002]   WARN - .skeletons.PySkeletonRefresher - Cryptodome.Cipher._raw_ctr 
2022-02-10 22:50:23,793 [1447002]   WARN - .skeletons.PySkeletonRefresher - Cryptodome.Cipher._raw_des 
2022-02-10 22:50:23,793 [1447002]   WARN - .skeletons.PySkeletonRefresher - Cryptodome.Cipher._raw_des3 
2022-02-10 22:50:23,793 [1447002]   WARN - .skeletons.PySkeletonRefresher - Cryptodome.Cipher._raw_ecb 
2022-02-10 22:50:23,793 [1447002]   WARN - .skeletons.PySkeletonRefresher - Cryptodome.Cipher._raw_eksblowfish 
2022-02-10 22:50:23,793 [1447002]   WARN - .skeletons.PySkeletonRefresher - Cryptodome.Cipher._raw_ocb 
2022-02-10 22:50:23,793 [1447002]   WARN - .skeletons.PySkeletonRefresher - Cryptodome.Cipher._raw_ofb 
2022-02-10 22:50:23,793 [1447002]   WARN - .skeletons.PySkeletonRefresher - Cryptodome.Hash._BLAKE2b 
2022-02-10 22:50:23,793 [1447002]   WARN - .skeletons.PySkeletonRefresher - Cryptodome.Hash._BLAKE2s 
2022-02-10 22:50:23,793 [1447002]   WARN - .skeletons.PySkeletonRefresher - Cryptodome.Hash._MD2 
2022-02-10 22:50:23,793 [1447002]   WARN - .skeletons.PySkeletonRefresher - Cryptodome.Hash._MD4 
2022-02-10 22:50:23,793 [1447002]   WARN - .skeletons.PySkeletonRefresher - Cryptodome.Hash._MD5 
2022-02-10 22:50:23,793 [1447002]   WARN - .skeletons.PySkeletonRefresher - Cryptodome.Hash._RIPEMD160 
2022-02-10 22:50:23,793 [1447002]   WARN - .skeletons.PySkeletonRefresher - Cryptodome.Hash._SHA1 
2022-02-10 22:50:23,793 [1447002]   WARN - .skeletons.PySkeletonRefresher - Cryptodome.Hash._SHA224 
2022-02-10 22:50:23,793 [1447002]   WARN - .skeletons.PySkeletonRefresher - Cryptodome.Hash._SHA256 
2022-02-10 22:50:23,793 [1447002]   WARN - .skeletons.PySkeletonRefresher - Cryptodome.Hash._SHA384 
2022-02-10 22:50:23,793 [1447002]   WARN - .skeletons.PySkeletonRefresher - Cryptodome.Hash._SHA512 
2022-02-10 22:50:23,793 [1447002]   WARN - .skeletons.PySkeletonRefresher - Cryptodome.Hash._ghash_clmul 
2022-02-10 22:50:23,793 [1447002]   WARN - .skeletons.PySkeletonRefresher - Cryptodome.Hash._ghash_portable 
2022-02-10 22:50:23,793 [1447002]   WARN - .skeletons.PySkeletonRefresher - Cryptodome.Hash._keccak 
2022-02-10 22:50:23,793 [1447002]   WARN - .skeletons.PySkeletonRefresher - Cryptodome.Hash._poly1305 
2022-02-10 22:50:23,793 [1447002]   WARN - .skeletons.PySkeletonRefresher - Cryptodome.Math._modexp 
2022-02-10 22:50:23,793 [1447002]   WARN - .skeletons.PySkeletonRefresher - Cryptodome.Protocol._scrypt 
2022-02-10 22:50:23,793 [1447002]   WARN - .skeletons.PySkeletonRefresher - Cryptodome.PublicKey._ec_ws 
2022-02-10 22:50:23,793 [1447002]   WARN - .skeletons.PySkeletonRefresher - Cryptodome.Util._cpuid_c 
2022-02-10 22:50:23,793 [1447002]   WARN - .skeletons.PySkeletonRefresher - Cryptodome.Util._strxor 
2022-02-10 22:50:23,793 [1447002]   WARN - .skeletons.PySkeletonRefresher - PyQt5.Qt.plugins.assetimporters.libassimp 
2022-02-10 22:50:23,793 [1447002]   WARN - .skeletons.PySkeletonRefresher - PyQt5.Qt.plugins.assetimporters.libuip 
2022-02-10 22:50:23,793 [1447002]   WARN - .skeletons.PySkeletonRefresher - PyQt5.Qt.plugins.audio.libqtaudio_alsa 
2022-02-10 22:50:23,793 [1447002]   WARN - .skeletons.PySkeletonRefresher - PyQt5.Qt.plugins.audio.libqtmedia_pulse 
2022-02-10 22:50:23,793 [1447002]   WARN - .skeletons.PySkeletonRefresher - PyQt5.Qt.plugins.bearer.libqconnmanbearer 
2022-02-10 22:50:23,793 [1447002]   WARN - .skeletons.PySkeletonRefresher - PyQt5.Qt.plugins.bearer.libqgenericbearer 
2022-02-10 22:50:23,793 [1447002]   WARN - .skeletons.PySkeletonRefresher - PyQt5.Qt.plugins.bearer.libqnmbearer 
2022-02-10 22:50:23,793 [1447002]   WARN - .skeletons.PySkeletonRefresher - PyQt5.Qt.plugins.gamepads.libevdevgamepad 
2022-02-10 22:50:23,793 [1447002]   WARN - .skeletons.PySkeletonRefresher - PyQt5.Qt.plugins.generic.libqevdevkeyboardplugin 
2022-02-10 22:50:23,793 [1447002]   WARN - .skeletons.PySkeletonRefresher - PyQt5.Qt.plugins.generic.libqevdevmouseplugin 
2022-02-10 22:50:23,793 [1447002]   WARN - .skeletons.PySkeletonRefresher - PyQt5.Qt.plugins.generic.libqevdevtabletplugin 
2022-02-10 22:50:23,793 [1447002]   WARN - .skeletons.PySkeletonRefresher - PyQt5.Qt.plugins.generic.libqevdevtouchplugin 
2022-02-10 22:50:23,793 [1447002]   WARN - .skeletons.PySkeletonRefresher - PyQt5.Qt.plugins.generic.libqtuiotouchplugin 
2022-02-10 22:50:23,793 [1447002]   WARN - .skeletons.PySkeletonRefresher - PyQt5.Qt.plugins.geometryloaders.libdefaultgeometryloader 
2022-02-10 22:50:23,793 [1447002]   WARN - .skeletons.PySkeletonRefresher - PyQt5.Qt.plugins.geometryloaders.libgltfgeometryloader 
2022-02-10 22:50:23,793 [1447002]   WARN - .skeletons.PySkeletonRefresher - PyQt5.Qt.plugins.geoservices.libqtgeoservices_esri 
2022-02-10 22:50:23,793 [1447002]   WARN - .skeletons.PySkeletonRefresher - PyQt5.Qt.plugins.geoservices.libqtgeoservices_itemsoverlay 
2022-02-10 22:50:23,793 [1447002]   WARN - .skeletons.PySkeletonRefresher - PyQt5.Qt.plugins.geoservices.libqtgeoservices_mapbox 
2022-02-10 22:50:23,793 [1447002]   WARN - .skeletons.PySkeletonRefresher - PyQt5.Qt.plugins.geoservices.libqtgeoservices_mapboxgl 
2022-02-10 22:50:23,793 [1447002]   WARN - .skeletons.PySkeletonRefresher - PyQt5.Qt.plugins.geoservices.libqtgeoservices_nokia 
2022-02-10 22:50:23,793 [1447002]   WARN - .skeletons.PySkeletonRefresher - PyQt5.Qt.plugins.geoservices.libqtgeoservices_osm 
2022-02-10 22:50:23,793 [1447002]   WARN - .skeletons.PySkeletonRefresher - PyQt5.Qt.plugins.iconengines.libqsvgicon 
2022-02-10 22:50:23,793 [1447002]   WARN - .skeletons.PySkeletonRefresher - PyQt5.Qt.plugins.imageformats.libqgif 
2022-02-10 22:50:23,793 [1447002]   WARN - .skeletons.PySkeletonRefresher - PyQt5.Qt.plugins.imageformats.libqicns 
2022-02-10 22:50:23,793 [1447002]   WARN - .skeletons.PySkeletonRefresher - PyQt5.Qt.plugins.imageformats.libqico 
2022-02-10 22:50:23,793 [1447002]   WARN - .skeletons.PySkeletonRefresher - PyQt5.Qt.plugins.imageformats.libqjpeg 
2022-02-10 22:50:23,793 [1447002]   WARN - .skeletons.PySkeletonRefresher - PyQt5.Qt.plugins.imageformats.libqsvg 
2022-02-10 22:50:23,793 [1447002]   WARN - .skeletons.PySkeletonRefresher - PyQt5.Qt.plugins.imageformats.libqtga 
2022-02-10 22:50:23,793 [1447002]   WARN - .skeletons.PySkeletonRefresher - PyQt5.Qt.plugins.imageformats.libqtiff 
2022-02-10 22:50:23,793 [1447002]   WARN - .skeletons.PySkeletonRefresher - PyQt5.Qt.plugins.imageformats.libqwbmp 
2022-02-10 22:50:23,793 [1447002]   WARN - .skeletons.PySkeletonRefresher - PyQt5.Qt.plugins.imageformats.libqwebp 
2022-02-10 22:50:23,793 [1447002]   WARN - .skeletons.PySkeletonRefresher - PyQt5.Qt.plugins.mediaservice.libgstaudiodecoder 
2022-02-10 22:50:23,793 [1447002]   WARN - .skeletons.PySkeletonRefresher - PyQt5.Qt.plugins.mediaservice.libgstcamerabin 
2022-02-10 22:50:23,793 [1447002]   WARN - .skeletons.PySkeletonRefresher - PyQt5.Qt.plugins.mediaservice.libgstmediacapture 
2022-02-10 22:50:23,793 [1447002]   WARN - .skeletons.PySkeletonRefresher - PyQt5.Qt.plugins.mediaservice.libgstmediaplayer 
2022-02-10 22:50:23,793 [1447002]   WARN - .skeletons.PySkeletonRefresher - PyQt5.Qt.plugins.platforminputcontexts.libcomposeplatforminputcontextplugin 
2022-02-10 22:50:23,793 [1447002]   WARN - .skeletons.PySkeletonRefresher - PyQt5.Qt.plugins.platforminputcontexts.libibusplatforminputcontextplugin 
2022-02-10 22:50:23,793 [1447002]   WARN - .skeletons.PySkeletonRefresher - PyQt5.Qt.plugins.platforms.libqeglfs 
2022-02-10 22:50:23,793 [1447002]   WARN - .skeletons.PySkeletonRefresher - PyQt5.Qt.plugins.platforms.libqlinuxfb 
2022-02-10 22:50:23,793 [1447002]   WARN - .skeletons.PySkeletonRefresher - PyQt5.Qt.plugins.platforms.libqminimal 
2022-02-10 22:50:23,793 [1447002]   WARN - .skeletons.PySkeletonRefresher - PyQt5.Qt.plugins.platforms.libqminimalegl 
2022-02-10 22:50:23,793 [1447002]   WARN - .skeletons.PySkeletonRefresher - PyQt5.Qt.plugins.platforms.libqoffscreen 
2022-02-10 22:50:23,793 [1447002]   WARN - .skeletons.PySkeletonRefresher - PyQt5.Qt.plugins.platforms.libqvnc 
2022-02-10 22:50:23,793 [1447002]   WARN - .skeletons.PySkeletonRefresher - PyQt5.Qt.plugins.platforms.libqwebgl 
2022-02-10 22:50:23,793 [1447002]   WARN - .skeletons.PySkeletonRefresher - PyQt5.Qt.plugins.platforms.libqxcb 
2022-02-10 22:50:23,793 [1447002]   WARN - .skeletons.PySkeletonRefresher - PyQt5.Qt.plugins.platformthemes.libqgtk3 
2022-02-10 22:50:23,793 [1447002]   WARN - .skeletons.PySkeletonRefresher - PyQt5.Qt.plugins.platformthemes.libqxdgdesktopportal 
2022-02-10 22:50:23,793 [1447002]   WARN - .skeletons.PySkeletonRefresher - PyQt5.Qt.plugins.playlistformats.libqtmultimedia_m3u 
2022-02-10 22:50:23,793 [1447002]   WARN - .skeletons.PySkeletonRefresher - PyQt5.Qt.plugins.position.libqtposition_geoclue 
2022-02-10 22:50:23,793 [1447002]   WARN - .skeletons.PySkeletonRefresher - PyQt5.Qt.plugins.position.libqtposition_geoclue2 
2022-02-10 22:50:23,793 [1447002]   WARN - .skeletons.PySkeletonRefresher - PyQt5.Qt.plugins.position.libqtposition_positionpoll 
2022-02-10 22:50:23,793 [1447002]   WARN - .skeletons.PySkeletonRefresher - PyQt5.Qt.plugins.position.libqtposition_serialnmea 
2022-02-10 22:50:23,793 [1447002]   WARN - .skeletons.PySkeletonRefresher - PyQt5.Qt.plugins.printsupport.libcupsprintersupport 
2022-02-10 22:50:23,793 [1447002]   WARN - .skeletons.PySkeletonRefresher - PyQt5.Qt.plugins.renderers.libopenglrenderer 
2022-02-10 22:50:23,793 [1447002]   WARN - .skeletons.PySkeletonRefresher - PyQt5.Qt.plugins.renderplugins.libscene2d 
2022-02-10 22:50:23,793 [1447002]   WARN - .skeletons.PySkeletonRefresher - PyQt5.Qt.plugins.sceneparsers.libgltfsceneexport 
2022-02-10 22:50:23,793 [1447002]   WARN - .skeletons.PySkeletonRefresher - PyQt5.Qt.plugins.sceneparsers.libgltfsceneimport 
2022-02-10 22:50:23,794 [1447003]   WARN - .skeletons.PySkeletonRefresher - PyQt5.Qt.plugins.sensorgestures.libqtsensorgestures_plugin 
2022-02-10 22:50:23,794 [1447003]   WARN - .skeletons.PySkeletonRefresher - PyQt5.Qt.plugins.sensorgestures.libqtsensorgestures_shakeplugin 
2022-02-10 22:50:23,794 [1447003]   WARN - .skeletons.PySkeletonRefresher - PyQt5.Qt.plugins.sensors.libqtsensors_generic 
2022-02-10 22:50:23,794 [1447003]   WARN - .skeletons.PySkeletonRefresher - PyQt5.Qt.plugins.sensors.libqtsensors_linuxsys 
2022-02-10 22:50:23,794 [1447003]   WARN - .skeletons.PySkeletonRefresher - PyQt5.Qt.plugins.sqldrivers.libqsqlite 
2022-02-10 22:50:23,794 [1447003]   WARN - .skeletons.PySkeletonRefresher - PyQt5.Qt.plugins.sqldrivers.libqsqlodbc 
2022-02-10 22:50:23,794 [1447003]   WARN - .skeletons.PySkeletonRefresher - PyQt5.Qt.plugins.sqldrivers.libqsqlpsql 
2022-02-10 22:50:23,794 [1447003]   WARN - .skeletons.PySkeletonRefresher - PyQt5.Qt.plugins.texttospeech.libqtexttospeech_speechd 
2022-02-10 22:50:23,794 [1447003]   WARN - .skeletons.PySkeletonRefresher - PyQt5.Qt.plugins.webview.libqtwebview_webengine 
2022-02-10 22:50:23,794 [1447003]   WARN - .skeletons.PySkeletonRefresher - PyQt5.Qt.qml.Qt.labs.animation.liblabsanimationplugin 
2022-02-10 22:50:23,794 [1447003]   WARN - .skeletons.PySkeletonRefresher - PyQt5.Qt.qml.Qt.labs.calendar.libqtlabscalendarplugin 
2022-02-10 22:50:23,794 [1447003]   WARN - .skeletons.PySkeletonRefresher - PyQt5.Qt.qml.Qt.labs.folderlistmodel.libqmlfolderlistmodelplugin 
2022-02-10 22:50:23,794 [1447003]   WARN - .skeletons.PySkeletonRefresher - PyQt5.Qt.qml.Qt.labs.location.liblocationlabsplugin 
2022-02-10 22:50:23,794 [1447003]   WARN - .skeletons.PySkeletonRefresher - PyQt5.Qt.qml.Qt.labs.platform.libqtlabsplatformplugin 
2022-02-10 22:50:23,794 [1447003]   WARN - .skeletons.PySkeletonRefresher - PyQt5.Qt.qml.Qt.labs.qmlmodels.liblabsmodelsplugin 
2022-02-10 22:50:23,794 [1447003]   WARN - .skeletons.PySkeletonRefresher - PyQt5.Qt.qml.Qt.labs.settings.libqmlsettingsplugin 
2022-02-10 22:50:23,794 [1447003]   WARN - .skeletons.PySkeletonRefresher - PyQt5.Qt.qml.Qt.labs.sharedimage.libsharedimageplugin 
2022-02-10 22:50:23,794 [1447003]   WARN - .skeletons.PySkeletonRefresher - PyQt5.Qt.qml.Qt.labs.wavefrontmesh.libqmlwavefrontmeshplugin 
2022-02-10 22:50:23,794 [1447003]   WARN - .skeletons.PySkeletonRefresher - PyQt5.Qt.qml.QtBluetooth.libdeclarative_bluetooth 
2022-02-10 22:50:23,794 [1447003]   WARN - .skeletons.PySkeletonRefresher - PyQt5.Qt.qml.QtGraphicalEffects.libqtgraphicaleffectsplugin 
2022-02-10 22:50:23,794 [1447003]   WARN - .skeletons.PySkeletonRefresher - PyQt5.Qt.qml.QtGraphicalEffects.private.libqtgraphicaleffectsprivate 
2022-02-10 22:50:23,794 [1447003]   WARN - .skeletons.PySkeletonRefresher - PyQt5.Qt.qml.QtLocation.libdeclarative_location 
2022-02-10 22:50:23,794 [1447003]   WARN - .skeletons.PySkeletonRefresher - PyQt5.Qt.qml.QtMultimedia.libdeclarative_multimedia 
2022-02-10 22:50:23,794 [1447003]   WARN - .skeletons.PySkeletonRefresher - PyQt5.Qt.qml.QtNfc.libdeclarative_nfc 
2022-02-10 22:50:23,794 [1447003]   WARN - .skeletons.PySkeletonRefresher - PyQt5.Qt.qml.QtPositioning.libdeclarative_positioning 
2022-02-10 22:50:23,794 [1447003]   WARN - .skeletons.PySkeletonRefresher - PyQt5.Qt.qml.QtQml.RemoteObjects.libqtqmlremoteobjects 
2022-02-10 22:50:23,794 [1447003]   WARN - .skeletons.PySkeletonRefresher - PyQt5.Qt.qml.QtQml.StateMachine.libqtqmlstatemachine 
2022-02-10 22:50:23,794 [1447003]   WARN - .skeletons.PySkeletonRefresher - PyQt5.Qt.qml.QtQml.libqmlplugin 
2022-02-10 22:50:23,794 [1447003]   WARN - .skeletons.PySkeletonRefresher - PyQt5.Qt.qml.QtQuick.Controls.Styles.Flat.libqtquickextrasflatplugin 
2022-02-10 22:50:23,794 [1447003]   WARN - .skeletons.PySkeletonRefresher - PyQt5.Qt.qml.QtQuick.Controls.libqtquickcontrolsplugin 
2022-02-10 22:50:23,794 [1447003]   WARN - .skeletons.PySkeletonRefresher - PyQt5.Qt.qml.QtQuick.Dialogs.Private.libdialogsprivateplugin 
2022-02-10 22:50:23,794 [1447003]   WARN - .skeletons.PySkeletonRefresher - PyQt5.Qt.qml.QtQuick.Dialogs.libdialogplugin 
2022-02-10 22:50:23,794 [1447003]   WARN - .skeletons.PySkeletonRefresher - PyQt5.Qt.qml.QtQuick.Extras.libqtquickextrasplugin 
2022-02-10 22:50:23,794 [1447003]   WARN - .skeletons.PySkeletonRefresher - PyQt5.Qt.qml.QtQuick.Layouts.libqquicklayoutsplugin 
2022-02-10 22:50:23,794 [1447003]   WARN - .skeletons.PySkeletonRefresher - PyQt5.Qt.qml.QtQuick.LocalStorage.libqmllocalstorageplugin 
2022-02-10 22:50:23,794 [1447003]   WARN - .skeletons.PySkeletonRefresher - PyQt5.Qt.qml.QtQuick.PrivateWidgets.libwidgetsplugin 
2022-02-10 22:50:23,794 [1447003]   WARN - .skeletons.PySkeletonRefresher - PyQt5.Qt.qml.QtQuick.Scene2D.libqtquickscene2dplugin 
2022-02-10 22:50:23,794 [1447003]   WARN - .skeletons.PySkeletonRefresher - PyQt5.Qt.qml.QtQuick.Scene3D.libqtquickscene3dplugin 
2022-02-10 22:50:23,794 [1447003]   WARN - .skeletons.PySkeletonRefresher - PyQt5.Qt.qml.QtQuick.Shapes.libqmlshapesplugin 
2022-02-10 22:50:23,794 [1447003]   WARN - .skeletons.PySkeletonRefresher - PyQt5.Qt.qml.QtQuick.Timeline.libqtquicktimelineplugin 
2022-02-10 22:50:23,794 [1447003]   WARN - .skeletons.PySkeletonRefresher - PyQt5.Qt.qml.QtQuick.XmlListModel.libqmlxmllistmodelplugin 
2022-02-10 22:50:23,794 [1447003]   WARN - .skeletons.PySkeletonRefresher - PyQt5.Qt.qml.QtQuick3D.Effects.libqtquick3deffectplugin 
2022-02-10 22:50:23,794 [1447003]   WARN - .skeletons.PySkeletonRefresher - PyQt5.Qt.qml.QtQuick3D.Helpers.libqtquick3dhelpersplugin 
2022-02-10 22:50:23,794 [1447003]   WARN - .skeletons.PySkeletonRefresher - PyQt5.Qt.qml.QtQuick3D.Materials.libqtquick3dmaterialplugin 
2022-02-10 22:50:23,794 [1447003]   WARN - .skeletons.PySkeletonRefresher - PyQt5.Qt.qml.QtQuick3D.libqquick3dplugin 
2022-02-10 22:50:23,794 [1447003]   WARN - .skeletons.PySkeletonRefresher - PyQt5.Qt.qml.QtRemoteObjects.libqtremoteobjects 
2022-02-10 22:50:23,794 [1447003]   WARN - .skeletons.PySkeletonRefresher - PyQt5.Qt.qml.QtSensors.libdeclarative_sensors 
2022-02-10 22:50:23,794 [1447003]   WARN - .skeletons.PySkeletonRefresher - PyQt5.Qt.qml.QtTest.libqmltestplugin 
2022-02-10 22:50:23,794 [1447003]   WARN - .skeletons.PySkeletonRefresher - PyQt5.Qt.qml.QtWebChannel.libdeclarative_webchannel 
2022-02-10 22:50:23,794 [1447003]   WARN - .skeletons.PySkeletonRefresher - PyQt5.Qt.qml.QtWebSockets.libdeclarative_qmlwebsockets 
2022-02-10 22:50:23,794 [1447003]   WARN - .skeletons.PySkeletonRefresher - cv2.qt.plugins.platforms.libqxcb 
2022-02-10 22:50:23,794 [1447003]   WARN - .skeletons.PySkeletonRefresher - debugpy._vendored.pydevd._pydevd_bundle.pydevd_cython 
2022-02-10 22:50:23,794 [1447003]   WARN - .skeletons.PySkeletonRefresher - debugpy._vendored.pydevd._pydevd_frame_eval.pydevd_frame_evaluator 
2022-02-10 22:50:23,794 [1447003]   WARN - .skeletons.PySkeletonRefresher - debugpy._vendored.pydevd.pydevd_attach_to_process.attach_linux_amd64 
2022-02-10 22:50:23,794 [1447003]   WARN - .skeletons.PySkeletonRefresher - debugpy._vendored.pydevd.pydevd_attach_to_process.attach_linux_x86 
2022-02-10 22:50:23,794 [1447003]   WARN - .skeletons.PySkeletonRefresher - freetype.libfreetype 
2022-02-10 22:50:23,794 [1447003]   WARN - .skeletons.PySkeletonRefresher - qt_gui_cpp.libqt_gui_cpp_shiboken 
2022-02-10 22:50:23,794 [1447003]   WARN - .skeletons.PySkeletonRefresher - qt_gui_cpp.libqt_gui_cpp_sip 
2022-02-10 22:50:23,794 [1447003]   WARN - .skeletons.PySkeletonRefresher - rviz.librviz_sip 
2022-02-10 22:50:23,794 [1447003]   WARN - .skeletons.PySkeletonRefresher - scipy.optimize._lsap_ 
